# JRE version: OpenJDK Runtime Environment (17.0.1+12) (build 17.0.1+12-39)
# Java VM: OpenJDK 64-Bit Server VM (17.0.1+12-39, mixed mode, sharing, tiered, compressed oops, compressed class ptrs, g1 gc, windows-amd64)
GC Precious Log:
 CPUs: 6 total, 6 available
 Memory: 8078M
 Large Page Support: Disabled
 NUMA Support: Disabled
 Compressed Oops: Enabled (32-bit)
 Heap Region Size: 1M
 Heap Min Capacity: 8M
 Heap Initial Capacity: 128M
 Heap Max Capacity: 2020M
 Pre-touch: Disabled
 Parallel Workers: 6
 Concurrent Workers: 2
 Concurrent Refinement Workers: 6
 Periodic GC: Disabled
Heap:
 garbage-first heap   total 131072K, used 52377K [0x0000000081c00000, 0x0000000100000000)
  region size 1024K, 47 young (48128K), 3 survivors (3072K)
 Metaspace       used 20126K, committed 20352K, reserved 1073152K
  class space    used 2503K, committed 2624K, reserved 1048576K
GC Heap History (6 events):
Event: 3.438 GC heap before
{Heap before GC invocations=0 (full 0):
 garbage-first heap   total 131072K, used 21504K [0x0000000081c00000, 0x0000000100000000)
  region size 1024K, 21 young (21504K), 0 survivors (0K)
 Metaspace       used 5297K, committed 5376K, reserved 1056768K
  class space    used 598K, committed 640K, reserved 1048576K
}
Event: 3.445 GC heap after
{Heap after GC invocations=1 (full 0):
 garbage-first heap   total 131072K, used 6886K [0x0000000081c00000, 0x0000000100000000)
  region size 1024K, 3 young (3072K), 3 survivors (3072K)
 Metaspace       used 5297K, committed 5376K, reserved 1056768K
  class space    used 598K, committed 640K, reserved 1048576K
}
Event: 4.114 GC heap before
{Heap before GC invocations=1 (full 0):
 garbage-first heap   total 131072K, used 25318K [0x0000000081c00000, 0x0000000100000000)
  region size 1024K, 22 young (22528K), 3 survivors (3072K)
 Metaspace       used 10372K, committed 10560K, reserved 1064960K
  class space    used 1274K, committed 1344K, reserved 1048576K
}
Event: 4.118 GC heap after
{Heap after GC invocations=2 (full 0):
 garbage-first heap   total 131072K, used 8372K [0x0000000081c00000, 0x0000000100000000)
  region size 1024K, 2 young (2048K), 2 survivors (2048K)
 Metaspace       used 10372K, committed 10560K, reserved 1064960K
  class space    used 1274K, committed 1344K, reserved 1048576K
}
Event: 4.479 GC heap before
{Heap before GC invocations=2 (full 0):
 garbage-first heap   total 131072K, used 52404K [0x0000000081c00000, 0x0000000100000000)
  region size 1024K, 46 young (47104K), 2 survivors (2048K)
 Metaspace       used 14679K, committed 14848K, reserved 1064960K
  class space    used 1817K, committed 1920K, reserved 1048576K
}
Event: 4.482 GC heap after
{Heap after GC invocations=3 (full 0):
 garbage-first heap   total 131072K, used 9369K [0x0000000081c00000, 0x0000000100000000)
  region size 1024K, 3 young (3072K), 3 survivors (3072K)
 Metaspace       used 14679K, committed 14848K, reserved 1064960K
  class space    used 1817K, committed 1920K, reserved 1048576K
}

